This is pdfTeX, Version 3.141592653-2.6-1.40.22 (TeX Live 2021) (preloaded format=pdflatex 2023.7.18)  6 JUN 2025 11:25
entering extended mode
 restricted \write18 enabled.
 file:line:error style messages enabled.
 %&-line parsing enabled.
**note_on_B&B.tex
(./note_on_B&B.tex
LaTeX2e <2020-10-01> patch level 4
L3 programming layer <2021-02-18>
(/usr/local/texlive/2021/texmf-dist/tex/latex/base/article.cls
Document Class: article 2020/04/10 v1.4m Standard LaTeX document class
(/usr/local/texlive/2021/texmf-dist/tex/latex/base/size12.clo
File: size12.clo 2020/04/10 v1.4m Standard LaTeX file (size option)
)
\c@part=\count179
\c@section=\count180
\c@subsection=\count181
\c@subsubsection=\count182
\c@paragraph=\count183
\c@subparagraph=\count184
\c@figure=\count185
\c@table=\count186
\abovecaptionskip=\skip47
\belowcaptionskip=\skip48
\bibindent=\dimen138
)
(/usr/local/texlive/2021/texmf-dist/tex/latex/amsfonts/amssymb.sty
Package: amssymb 2013/01/14 v3.01 AMS font symbols

(/usr/local/texlive/2021/texmf-dist/tex/latex/amsfonts/amsfonts.sty
Package: amsfonts 2013/01/14 v3.01 Basic AMSFonts support
\@emptytoks=\toks15
\symAMSa=\mathgroup4
\symAMSb=\mathgroup5
LaTeX Font Info:    Redeclaring math symbol \hbar on input line 98.
LaTeX Font Info:    Overwriting math alphabet `\mathfrak' in version `bold'
(Font)                  U/euf/m/n --> U/euf/b/n on input line 106.
))
(/usr/local/texlive/2021/texmf-dist/tex/latex/graphics/graphicx.sty
Package: graphicx 2020/09/09 v1.2b Enhanced LaTeX Graphics (DPC,SPQR)

(/usr/local/texlive/2021/texmf-dist/tex/latex/graphics/keyval.sty
Package: keyval 2014/10/28 v1.15 key=value parser (DPC)
\KV@toks@=\toks16
)
(/usr/local/texlive/2021/texmf-dist/tex/latex/graphics/graphics.sty
Package: graphics 2020/08/30 v1.4c Standard LaTeX Graphics (DPC,SPQR)

(/usr/local/texlive/2021/texmf-dist/tex/latex/graphics/trig.sty
Package: trig 2016/01/03 v1.10 sin cos tan (DPC)
)
(/usr/local/texlive/2021/texmf-dist/tex/latex/graphics-cfg/graphics.cfg
File: graphics.cfg 2016/06/04 v1.11 sample graphics configuration
)
Package graphics Info: Driver file: pdftex.def on input line 105.

(/usr/local/texlive/2021/texmf-dist/tex/latex/graphics-def/pdftex.def
File: pdftex.def 2020/10/05 v1.2a Graphics/color driver for pdftex
))
\Gin@req@height=\dimen139
\Gin@req@width=\dimen140
)
(/usr/local/texlive/2021/texmf-dist/tex/latex/amsmath/amsmath.sty
Package: amsmath 2020/09/23 v2.17i AMS math features
\@mathmargin=\skip49

For additional information on amsmath, use the `?' option.
(/usr/local/texlive/2021/texmf-dist/tex/latex/amsmath/amstext.sty
Package: amstext 2000/06/29 v2.01 AMS text

(/usr/local/texlive/2021/texmf-dist/tex/latex/amsmath/amsgen.sty
File: amsgen.sty 1999/11/30 v2.0 generic functions
\@emptytoks=\toks17
\ex@=\dimen141
))
(/usr/local/texlive/2021/texmf-dist/tex/latex/amsmath/amsbsy.sty
Package: amsbsy 1999/11/29 v1.2d Bold Symbols
\pmbraise@=\dimen142
)
(/usr/local/texlive/2021/texmf-dist/tex/latex/amsmath/amsopn.sty
Package: amsopn 2016/03/08 v2.02 operator names
)
\inf@bad=\count187
LaTeX Info: Redefining \frac on input line 234.
\uproot@=\count188
\leftroot@=\count189
LaTeX Info: Redefining \overline on input line 399.
\classnum@=\count190
\DOTSCASE@=\count191
LaTeX Info: Redefining \ldots on input line 496.
LaTeX Info: Redefining \dots on input line 499.
LaTeX Info: Redefining \cdots on input line 620.
\Mathstrutbox@=\box47
\strutbox@=\box48
\big@size=\dimen143
LaTeX Font Info:    Redeclaring font encoding OML on input line 743.
LaTeX Font Info:    Redeclaring font encoding OMS on input line 744.
\macc@depth=\count192
\c@MaxMatrixCols=\count193
\dotsspace@=\muskip16
\c@parentequation=\count194
\dspbrk@lvl=\count195
\tag@help=\toks18
\row@=\count196
\column@=\count197
\maxfields@=\count198
\andhelp@=\toks19
\eqnshift@=\dimen144
\alignsep@=\dimen145
\tagshift@=\dimen146
\tagwidth@=\dimen147
\totwidth@=\dimen148
\lineht@=\dimen149
\@envbody=\toks20
\multlinegap=\skip50
\multlinetaggap=\skip51
\mathdisplay@stack=\toks21
LaTeX Info: Redefining \[ on input line 2923.
LaTeX Info: Redefining \] on input line 2924.
)
(/usr/local/texlive/2021/texmf-dist/tex/latex/caption/caption.sty
Package: caption 2020/10/26 v3.5g Customizing captions (AR)

(/usr/local/texlive/2021/texmf-dist/tex/latex/caption/caption3.sty
Package: caption3 2020/10/21 v2.2e caption3 kernel (AR)
\captionmargin=\dimen150
\captionmargin@=\dimen151
\captionwidth=\dimen152
\caption@tempdima=\dimen153
\caption@indent=\dimen154
\caption@parindent=\dimen155
\caption@hangindent=\dimen156
Package caption Info: Standard document class detected.
)
\c@caption@flags=\count199
\c@continuedfloat=\count266
)
(/usr/local/texlive/2021/texmf-dist/tex/latex/xcolor/xcolor.sty
Package: xcolor 2016/05/11 v2.12 LaTeX color extensions (UK)

(/usr/local/texlive/2021/texmf-dist/tex/latex/graphics-cfg/color.cfg
File: color.cfg 2016/01/02 v1.6 sample color configuration
)
Package xcolor Info: Driver file: pdftex.def on input line 225.
Package xcolor Info: Model `cmy' substituted by `cmy0' on input line 1348.
Package xcolor Info: Model `hsb' substituted by `rgb' on input line 1352.
Package xcolor Info: Model `RGB' extended on input line 1364.
Package xcolor Info: Model `HTML' substituted by `rgb' on input line 1366.
Package xcolor Info: Model `Hsb' substituted by `hsb' on input line 1367.
Package xcolor Info: Model `tHsb' substituted by `hsb' on input line 1368.
Package xcolor Info: Model `HSB' substituted by `hsb' on input line 1369.
Package xcolor Info: Model `Gray' substituted by `gray' on input line 1370.
Package xcolor Info: Model `wave' substituted by `hsb' on input line 1371.
)
(/usr/local/texlive/2021/texmf-dist/tex/latex/booktabs/booktabs.sty
Package: booktabs 2020/01/12 v1.61803398 Publication quality tables
\heavyrulewidth=\dimen157
\lightrulewidth=\dimen158
\cmidrulewidth=\dimen159
\belowrulesep=\dimen160
\belowbottomsep=\dimen161
\aboverulesep=\dimen162
\abovetopsep=\dimen163
\cmidrulesep=\dimen164
\cmidrulekern=\dimen165
\defaultaddspace=\dimen166
\@cmidla=\count267
\@cmidlb=\count268
\@aboverulesep=\dimen167
\@belowrulesep=\dimen168
\@thisruleclass=\count269
\@lastruleclass=\count270
\@thisrulewidth=\dimen169
)
(/usr/local/texlive/2021/texmf-dist/tex/latex/graphics/rotating.sty
Package: rotating 2016/08/11 v2.16d rotated objects in LaTeX

(/usr/local/texlive/2021/texmf-dist/tex/latex/base/ifthen.sty
Package: ifthen 2014/09/29 v1.1c Standard LaTeX ifthen package (DPC)
)
\c@r@tfl@t=\count271
\rotFPtop=\skip52
\rotFPbot=\skip53
\rot@float@box=\box49
\rot@mess@toks=\toks22
)
(/usr/local/texlive/2021/texmf-dist/tex/latex/comment/comment.sty
\CommentStream=\write3

Excluding comment 'comment')
(/usr/local/texlive/2021/texmf-dist/tex/latex/caption/subcaption.sty
Package: subcaption 2020/10/07 v1.3j Sub-captions (AR)
\c@subfigure=\count272
\c@subtable=\count273
)
(/usr/local/texlive/2021/texmf-dist/tex/latex/float/float.sty
Package: float 2001/11/08 v1.3d Float enhancements (AL)
\c@float@type=\count274
\float@exts=\toks23
\float@box=\box50
\@float@everytoks=\toks24
\@floatcapt=\box51
)
(/usr/local/texlive/2021/texmf-dist/tex/latex/appendix/appendix.sty
Package: appendix 2020/02/08 v1.2c extra appendix facilities
\c@@pps=\count275
\c@@ppsavesec=\count276
\c@@ppsaveapp=\count277
)
(/usr/local/texlive/2021/texmf-dist/tex/latex/natbib/natbib.sty
Package: natbib 2010/09/13 8.31b (PWD, AO)
\bibhang=\skip54
\bibsep=\skip55
LaTeX Info: Redefining \cite on input line 694.
\c@NAT@ctr=\count278
)
(/usr/local/texlive/2021/texmf-dist/tex/latex/amscls/amsthm.sty
Package: amsthm 2020/05/29 v2.20.6
\thm@style=\toks25
\thm@bodyfont=\toks26
\thm@headfont=\toks27
\thm@notefont=\toks28
\thm@headpunct=\toks29
\thm@preskip=\skip56
\thm@postskip=\skip57
\thm@headsep=\skip58
\dth@everypar=\toks30
)
\c@theorem=\count279
\c@acknowledgement=\count280
\c@algorithm=\count281
\c@assumption=\count282
\c@case=\count283
\c@claim=\count284
\c@conclusion=\count285
\c@condition=\count286
\c@conjecture=\count287
\c@corollary=\count288
\c@criterion=\count289
\c@definition=\count290
\c@example=\count291
\c@exercise=\count292
\c@lemma=\count293
\c@notation=\count294
\c@problem=\count295
\c@proposition=\count296
\c@remark=\count297
\c@solution=\count298
\c@summary=\count299

(/usr/local/texlive/2021/texmf-dist/tex/latex/l3backend/l3backend-pdftex.def
File: l3backend-pdftex.def 2021-03-18 L3 backend support: PDF output (pdfTeX)
\l__color_backend_stack_int=\count300
\l__pdf_internal_box=\box52
)
(./note_on_B&B.aux

LaTeX Warning: Label `fig:FS_BBEV' multiply defined.

)
\openout1 = `note_on_B&B.aux'.

LaTeX Font Info:    Checking defaults for OML/cmm/m/it on input line 68.
LaTeX Font Info:    ... okay on input line 68.
LaTeX Font Info:    Checking defaults for OMS/cmsy/m/n on input line 68.
LaTeX Font Info:    ... okay on input line 68.
LaTeX Font Info:    Checking defaults for OT1/cmr/m/n on input line 68.
LaTeX Font Info:    ... okay on input line 68.
LaTeX Font Info:    Checking defaults for T1/cmr/m/n on input line 68.
LaTeX Font Info:    ... okay on input line 68.
LaTeX Font Info:    Checking defaults for TS1/cmr/m/n on input line 68.
LaTeX Font Info:    ... okay on input line 68.
LaTeX Font Info:    Checking defaults for OMX/cmex/m/n on input line 68.
LaTeX Font Info:    ... okay on input line 68.
LaTeX Font Info:    Checking defaults for U/cmr/m/n on input line 68.
LaTeX Font Info:    ... okay on input line 68.
 (/usr/local/texlive/2021/texmf-dist/tex/context/base/mkii/supp-pdf.mkii
[Loading MPS to PDF converter (version 2006.09.02).]
\scratchcounter=\count301
\scratchdimen=\dimen170
\scratchbox=\box53
\nofMPsegments=\count302
\nofMParguments=\count303
\everyMPshowfont=\toks31
\MPscratchCnt=\count304
\MPscratchDim=\dimen171
\MPnumerator=\count305
\makeMPintoPDFobject=\count306
\everyMPtoPDFconversion=\toks32
) (/usr/local/texlive/2021/texmf-dist/tex/latex/epstopdf-pkg/epstopdf-base.sty
Package: epstopdf-base 2020-01-24 v2.11 Base part for package epstopdf
Package epstopdf-base Info: Redefining graphics rule for `.eps' on input line 4
85.

(/usr/local/texlive/2021/texmf-dist/tex/latex/latexconfig/epstopdf-sys.cfg
File: epstopdf-sys.cfg 2010/07/13 v1.3 Configuration of (r)epstopdf for TeX Liv
e
))
Package caption Info: Begin \AtBeginDocument code.
Package caption Info: float package is loaded.
Package caption Info: rotating package is loaded.
Package caption Info: End \AtBeginDocument code.
LaTeX Font Info:    Trying to load font information for U+msa on input line 82.


(/usr/local/texlive/2021/texmf-dist/tex/latex/amsfonts/umsa.fd
File: umsa.fd 2013/01/14 v3.01 AMS symbols A
)
LaTeX Font Info:    Trying to load font information for U+msb on input line 82.


(/usr/local/texlive/2021/texmf-dist/tex/latex/amsfonts/umsb.fd
File: umsb.fd 2013/01/14 v3.01 AMS symbols B
) [1

{/usr/local/texlive/2021/texmf-var/fonts/map/pdftex/updmap/pdftex.map}] [2] [3]
 [4] [5]
[6] [7] [8] [9]
Overfull \hbox (1.64154pt too wide) in paragraph at lines 341--342
 \OT1/cmr/bx/n/12 Ag-gre-gate Bal-anced Growth Path (ABGP).[] \OT1/cmr/m/n/12 A
long the ag-gre-gate bal-anced growth
 []

[10] [11] [12] [13] [14]

LaTeX Warning: Reference `app:' on page 15 undefined on input line 517.

[15] [16]
<Figures/relative_price.pdf, id=76, 845.04686pt x 597.50786pt>
File: Figures/relative_price.pdf Graphic file (type pdf)
<use Figures/relative_price.pdf>
Package pdftex.def Info: Figures/relative_price.pdf  used on input line 589.
(pdftex.def)             Requested size: 215.78381pt x 152.57674pt.
<Figures/consumption_share.pdf, id=77, 845.04686pt x 597.50786pt>
File: Figures/consumption_share.pdf Graphic file (type pdf)
<use Figures/consumption_share.pdf>
Package pdftex.def Info: Figures/consumption_share.pdf  used on input line 596.

(pdftex.def)             Requested size: 215.78381pt x 152.57674pt.
 [17]
<Figures/real_GDP.pdf, id=81, 845.04686pt x 597.50786pt>
File: Figures/real_GDP.pdf Graphic file (type pdf)
<use Figures/real_GDP.pdf>
Package pdftex.def Info: Figures/real_GDP.pdf  used on input line 615.
(pdftex.def)             Requested size: 269.73491pt x 190.7232pt.
 [18 <./Figures/relative_price.pdf> <./Figures/consumption_share.pdf>] [19 <./F
igures/real_GDP.pdf>]
<Figures/GDP_sc.pdf, id=110, 361.35pt x 226.8475pt>
File: Figures/GDP_sc.pdf Graphic file (type pdf)
<use Figures/GDP_sc.pdf>
Package pdftex.def Info: Figures/GDP_sc.pdf  used on input line 667.
(pdftex.def)             Requested size: 215.78381pt x 135.46571pt.
<Figures/GDP_FS.pdf, id=111, 361.35pt x 216.81pt>
File: Figures/GDP_FS.pdf Graphic file (type pdf)
<use Figures/GDP_FS.pdf>
Package pdftex.def Info: Figures/GDP_FS.pdf  used on input line 674.
(pdftex.def)             Requested size: 215.78381pt x 129.47166pt.
 [20 <./Figures/GDP_sc.pdf> <./Figures/GDP_FS.pdf

pdfTeX warning: /Library/TeX/texbin/pdflatex (file ./Figures/GDP_FS.pdf): PDF i
nclusion: multiple pdfs with page group included in a single page
>] [21]
<Figures/se_1980.pdf, id=139, 361.35pt x 230.8625pt>
File: Figures/se_1980.pdf Graphic file (type pdf)
<use Figures/se_1980.pdf>
Package pdftex.def Info: Figures/se_1980.pdf  used on input line 719.
(pdftex.def)             Requested size: 215.78381pt x 137.86334pt.
<Figures/se_2017.pdf, id=140, 361.35pt x 230.8625pt>
File: Figures/se_2017.pdf Graphic file (type pdf)
<use Figures/se_2017.pdf>
Package pdftex.def Info: Figures/se_2017.pdf  used on input line 726.
(pdftex.def)             Requested size: 215.78381pt x 137.86334pt.
<Figures/revisions.pdf, id=141, 361.35pt x 216.81pt>
File: Figures/revisions.pdf Graphic file (type pdf)
<use Figures/revisions.pdf>
Package pdftex.def Info: Figures/revisions.pdf  used on input line 750.
(pdftex.def)             Requested size: 269.73491pt x 161.84288pt.
 [22 <./Figures/se_1980.pdf> <./Figures/se_2017.pdf

pdfTeX warning: /Library/TeX/texbin/pdflatex (file ./Figures/se_2017.pdf): PDF 
inclusion: multiple pdfs with page group included in a single page
>]
Overfull \hbox (12.40826pt too wide) in paragraph at lines 761--765
[]\OT1/cmr/m/n/12 By con-trast, current-base Fisher-Shell in-dices sys-tem-at-i
-cally un-der-es-ti-mate past growth.
 []

[23 <./Figures/revisions.pdf>] [24] [25] [26] [27] [28] [29] [30] [31] [32]
[33] [34] [35] [36]
Overfull \hbox (0.57043pt too wide) in paragraph at lines 1492--1494
\OT1/cmr/m/n/12 growth rates be-tween $\OML/cmm/m/it/12 s$ \OT1/cmr/m/n/12 and 
$\OML/cmm/m/it/12 t$ \OT1/cmr/m/n/12 of con-sump-tion and in-vest-ment, re-spec
-tively. The Laspeyres
 []

[37] [38]
<Figures/GDP_LBD (b).pdf, id=265, 845.04686pt x 597.50786pt>
File: Figures/GDP_LBD (b).pdf Graphic file (type pdf)
<use Figures/GDP_LBD (b).pdf>
Package pdftex.def Info: Figures/GDP_LBD (b).pdf  used on input line 1522.
(pdftex.def)             Requested size: 269.73491pt x 190.7232pt.
 [39 <./Figures/GDP_LBD (b).pdf>] [40]

LaTeX Warning: Reference `eq:HI' on page 41 undefined on input line 1573.


LaTeX Warning: Reference `eq:EF' on page 41 undefined on input line 1666.

[41]

LaTeX Warning: Reference `eq:HI' on page 42 undefined on input line 1677.

<Figures/BBEV_vs_FS_sigma_0_075.pdf, id=283, 845.1575pt x 597.23125pt>
File: Figures/BBEV_vs_FS_sigma_0_075.pdf Graphic file (type pdf)
<use Figures/BBEV_vs_FS_sigma_0_075.pdf>
Package pdftex.def Info: Figures/BBEV_vs_FS_sigma_0_075.pdf  used on input line
 1685.
(pdftex.def)             Requested size: 215.78381pt x 152.47876pt.
<Figures/BBEV_vs_FS_sigma_2_5.pdf, id=284, 845.1575pt x 597.23125pt>
File: Figures/BBEV_vs_FS_sigma_2_5.pdf Graphic file (type pdf)
<use Figures/BBEV_vs_FS_sigma_2_5.pdf>
Package pdftex.def Info: Figures/BBEV_vs_FS_sigma_2_5.pdf  used on input line 1
692.
(pdftex.def)             Requested size: 215.78381pt x 152.47876pt.
[42 <./Figures/BBEV_vs_FS_sigma_0_075.pdf> <./Figures/BBEV_vs_FS_sigma_2_5.pdf>
] [43] (./note_on_B&B.bbl) [44] (./note_on_B&B.aux)

LaTeX Warning: There were undefined references.


LaTeX Warning: There were multiply-defined labels.

 ) 
Here is how much of TeX's memory you used:
 5201 strings out of 478994
 76841 string characters out of 5858184
 383171 words of memory out of 5000000
 22620 multiletter control sequences out of 15000+600000
 417334 words of font info for 78 fonts, out of 8000000 for 9000
 1141 hyphenation exceptions out of 8191
 68i,12n,74p,1150b,432s stack positions out of 5000i,500n,10000p,200000b,80000s
{/usr/local/texlive/2021/texmf-dist/fonts/enc/dvips/cm-super/cm-super-ts1.enc
}</usr/local/texlive/2021/texmf-dist/fonts/type1/public/amsfonts/cm/cmbx10.pfb>
</usr/local/texlive/2021/texmf-dist/fonts/type1/public/amsfonts/cm/cmbx12.pfb><
/usr/local/texlive/2021/texmf-dist/fonts/type1/public/amsfonts/cm/cmbx8.pfb></u
sr/local/texlive/2021/texmf-dist/fonts/type1/public/amsfonts/cm/cmcsc10.pfb></u
sr/local/texlive/2021/texmf-dist/fonts/type1/public/amsfonts/cm/cmex10.pfb></us
r/local/texlive/2021/texmf-dist/fonts/type1/public/amsfonts/cmextra/cmex8.pfb><
/usr/local/texlive/2021/texmf-dist/fonts/type1/public/amsfonts/cm/cmmi10.pfb></
usr/local/texlive/2021/texmf-dist/fonts/type1/public/amsfonts/cm/cmmi12.pfb></u
sr/local/texlive/2021/texmf-dist/fonts/type1/public/amsfonts/cm/cmmi6.pfb></usr
/local/texlive/2021/texmf-dist/fonts/type1/public/amsfonts/cm/cmmi7.pfb></usr/l
ocal/texlive/2021/texmf-dist/fonts/type1/public/amsfonts/cm/cmmi8.pfb></usr/loc
al/texlive/2021/texmf-dist/fonts/type1/public/amsfonts/cm/cmr10.pfb></usr/local
/texlive/2021/texmf-dist/fonts/type1/public/amsfonts/cm/cmr12.pfb></usr/local/t
exlive/2021/texmf-dist/fonts/type1/public/amsfonts/cm/cmr17.pfb></usr/local/tex
live/2021/texmf-dist/fonts/type1/public/amsfonts/cm/cmr6.pfb></usr/local/texliv
e/2021/texmf-dist/fonts/type1/public/amsfonts/cm/cmr7.pfb></usr/local/texlive/2
021/texmf-dist/fonts/type1/public/amsfonts/cm/cmr8.pfb></usr/local/texlive/2021
/texmf-dist/fonts/type1/public/amsfonts/cm/cmsy10.pfb></usr/local/texlive/2021/
texmf-dist/fonts/type1/public/amsfonts/cm/cmsy6.pfb></usr/local/texlive/2021/te
xmf-dist/fonts/type1/public/amsfonts/cm/cmsy8.pfb></usr/local/texlive/2021/texm
f-dist/fonts/type1/public/amsfonts/cm/cmti12.pfb></usr/local/texlive/2021/texmf
-dist/fonts/type1/public/amsfonts/cm/cmti8.pfb></usr/local/texlive/2021/texmf-d
ist/fonts/type1/public/cm-super/sfrm0700.pfb></usr/local/texlive/2021/texmf-dis
t/fonts/type1/public/cm-super/sfrm1000.pfb></usr/local/texlive/2021/texmf-dist/
fonts/type1/public/cm-super/sfrm1200.pfb>
Output written on note_on_B&B.pdf (44 pages, 606306 bytes).
PDF statistics:
 399 PDF objects out of 1000 (max. 8388607)
 266 compressed objects within 3 object streams
 0 named destinations out of 1000 (max. 500000)
 56 words of extra memory for PDF output out of 10000 (max. 10000000)

